<?xml version="1.0" encoding="UTF-8"?>
<!-- Generated by org.testng.reporters.JUnitReportReporter -->
<testsuite hostname="DESKTOP-O4H0SON" failures="0" tests="3" name="com.contactTest.CreateContactTest" time="18.292" errors="0" timestamp="2025-05-21T13:06:05 IST" skipped="0">
  <testcase classname="com.contactTest.CreateContactTest" name="createContactWithSupportDateTest" time="5.401"/>
  <system-out/>
  <testcase classname="com.contactTest.CreateContactTest" name="createContactTest" time="4.712"/>
  <system-out/>
  <testcase classname="com.contactTest.CreateContactTest" name="createContactWithOrgTest" time="8.179"/>
  <system-out/>
</testsuite> <!-- com.contactTest.CreateContactTest -->
