<?xml version="1.0" encoding="UTF-8"?>
<!-- Generated by org.testng.reporters.JUnitReportReporter -->
<testsuite hostname="DESKTOP-O4H0SON" failures="0" tests="3" name="com.comcast.HMS.orgTest.CreateOrgnizationTest" time="17.772" errors="0" timestamp="2025-05-21T12:55:27 IST" skipped="0">
  <testcase classname="com.comcast.HMS.orgTest.CreateOrgnizationTest" name="CreateOrgnizationWithIndustriesTest" time="7.038"/>
  <system-out/>
  <testcase classname="com.comcast.HMS.orgTest.CreateOrgnizationTest" name="CreateOrgnizationWithPhoneNumberTest" time="5.998"/>
  <system-out/>
  <testcase classname="com.comcast.HMS.orgTest.CreateOrgnizationTest" name="createOrgTest" time="4.736"/>
  <system-out/>
</testsuite> <!-- com.comcast.HMS.orgTest.CreateOrgnizationTest -->
