<?xml version="1.0" encoding="UTF-8"?>
<!-- Generated by org.testng.reporters.JUnitReportReporter -->
<testsuite hostname="DESKTOP-O4H0SON" failures="0" tests="3" name="com.HMS.ObjectRepositoryUtility.CreateOrgTest" time="24.116" errors="0" timestamp="2025-05-21T12:42:02 IST" skipped="0">
  <testcase classname="com.HMS.ObjectRepositoryUtility.CreateOrgTest" name="createOrg_Test" time="6.387"/>
  <system-out/>
  <testcase classname="com.HMS.ObjectRepositoryUtility.CreateOrgTest" name="CreateOrgnizationWithPhoneNumber_Test" time="6.680"/>
  <system-out/>
  <testcase classname="com.HMS.ObjectRepositoryUtility.CreateOrgTest" name="CreateOrgnizationWithIndustries_Test" time="11.049"/>
  <system-out/>
</testsuite> <!-- com.HMS.ObjectRepositoryUtility.CreateOrgTest -->
