<?xml version="1.0" encoding="UTF-8"?>
<!-- Generated by org.testng.reporters.JUnitReportReporter -->
<testsuite hostname="DESKTOP-O4H0SON" failures="0" tests="1" name="com.contactTest.CreateContactTest" time="24.691" errors="0" timestamp="2025-05-21T12:15:22 IST" skipped="0">
  <testcase classname="com.contactTest.CreateContactTest" name="createContactWithOrgTest" time="24.691"/>
  <system-out/>
</testsuite> <!-- com.contactTest.CreateContactTest -->
